<?xml version="1.0" encoding="UTF-8"?>
<testng-results skipped="0" failed="0" ignored="0" total="7" passed="7">
  <reporter-output>
  </reporter-output>
  <suite name="Default suite" duration-ms="221227" started-at="2018-03-07T07:31:11Z" finished-at="2018-03-07T07:34:53Z">
    <groups>
    </groups>
    <test name="Default test" duration-ms="221227" started-at="2018-03-07T07:31:11Z" finished-at="2018-03-07T07:34:53Z">
      <class name="com.test.automation.uiAutomation.homePage.TC_003_VerifyLoginWithDifferentRecords">
        <test-method status="PASS" signature="setup()[pri:0, instance:com.test.automation.uiAutomation.homePage.TC_003_VerifyLoginWithDifferentRecords@2d45ba]" name="setup" is-config="true" duration-ms="44088" started-at="2018-03-07T13:01:11Z" finished-at="2018-03-07T13:01:55Z">
          <reporter-output>
          </reporter-output>
        </test-method> <!-- setup -->
        <test-method status="PASS" signature="testLogin(java.lang.String, java.lang.String, java.lang.String)[pri:0, instance:com.test.automation.uiAutomation.homePage.TC_003_VerifyLoginWithDifferentRecords@2d45ba]" name="testLogin" duration-ms="20909" started-at="2018-03-07T13:01:59Z" data-provider="loginData" finished-at="2018-03-07T13:02:20Z">
          <params>
            <param index="0">
              <value>
                <![CDATA[automate@test.com]]>
              </value>
            </param>
            <param index="1">
              <value>
                <![CDATA[password]]>
              </value>
            </param>
            <param index="2">
              <value>
                <![CDATA[y]]>
              </value>
            </param>
          </params>
          <reporter-output>
          </reporter-output>
        </test-method> <!-- testLogin -->
        <test-method status="PASS" signature="testLogin(java.lang.String, java.lang.String, java.lang.String)[pri:0, instance:com.test.automation.uiAutomation.homePage.TC_003_VerifyLoginWithDifferentRecords@2d45ba]" name="testLogin" duration-ms="26438" started-at="2018-03-07T13:02:20Z" data-provider="loginData" finished-at="2018-03-07T13:02:46Z">
          <params>
            <param index="0">
              <value>
                <![CDATA[automate@test.com]]>
              </value>
            </param>
            <param index="1">
              <value>
                <![CDATA[password]]>
              </value>
            </param>
            <param index="2">
              <value>
                <![CDATA[y]]>
              </value>
            </param>
          </params>
          <reporter-output>
          </reporter-output>
        </test-method> <!-- testLogin -->
        <test-method status="PASS" signature="testLogin(java.lang.String, java.lang.String, java.lang.String)[pri:0, instance:com.test.automation.uiAutomation.homePage.TC_003_VerifyLoginWithDifferentRecords@2d45ba]" name="testLogin" duration-ms="24604" started-at="2018-03-07T13:02:46Z" data-provider="loginData" finished-at="2018-03-07T13:03:11Z">
          <params>
            <param index="0">
              <value>
                <![CDATA[automate@test.com]]>
              </value>
            </param>
            <param index="1">
              <value>
                <![CDATA[password]]>
              </value>
            </param>
            <param index="2">
              <value>
                <![CDATA[y]]>
              </value>
            </param>
          </params>
          <reporter-output>
          </reporter-output>
        </test-method> <!-- testLogin -->
        <test-method status="PASS" signature="testLogin(java.lang.String, java.lang.String, java.lang.String)[pri:0, instance:com.test.automation.uiAutomation.homePage.TC_003_VerifyLoginWithDifferentRecords@2d45ba]" name="testLogin" duration-ms="23551" started-at="2018-03-07T13:03:11Z" data-provider="loginData" finished-at="2018-03-07T13:03:34Z">
          <params>
            <param index="0">
              <value>
                <![CDATA[automate@test.com]]>
              </value>
            </param>
            <param index="1">
              <value>
                <![CDATA[password]]>
              </value>
            </param>
            <param index="2">
              <value>
                <![CDATA[y]]>
              </value>
            </param>
          </params>
          <reporter-output>
          </reporter-output>
        </test-method> <!-- testLogin -->
        <test-method status="PASS" signature="testLogin(java.lang.String, java.lang.String, java.lang.String)[pri:0, instance:com.test.automation.uiAutomation.homePage.TC_003_VerifyLoginWithDifferentRecords@2d45ba]" name="testLogin" duration-ms="23819" started-at="2018-03-07T13:03:34Z" data-provider="loginData" finished-at="2018-03-07T13:03:58Z">
          <params>
            <param index="0">
              <value>
                <![CDATA[automate@test.com]]>
              </value>
            </param>
            <param index="1">
              <value>
                <![CDATA[password]]>
              </value>
            </param>
            <param index="2">
              <value>
                <![CDATA[y]]>
              </value>
            </param>
          </params>
          <reporter-output>
          </reporter-output>
        </test-method> <!-- testLogin -->
        <test-method status="PASS" signature="testLogin(java.lang.String, java.lang.String, java.lang.String)[pri:0, instance:com.test.automation.uiAutomation.homePage.TC_003_VerifyLoginWithDifferentRecords@2d45ba]" name="testLogin" duration-ms="24243" started-at="2018-03-07T13:03:58Z" data-provider="loginData" finished-at="2018-03-07T13:04:22Z">
          <params>
            <param index="0">
              <value>
                <![CDATA[automate@test.com]]>
              </value>
            </param>
            <param index="1">
              <value>
                <![CDATA[password]]>
              </value>
            </param>
            <param index="2">
              <value>
                <![CDATA[y]]>
              </value>
            </param>
          </params>
          <reporter-output>
          </reporter-output>
        </test-method> <!-- testLogin -->
        <test-method status="PASS" signature="testLogin(java.lang.String, java.lang.String, java.lang.String)[pri:0, instance:com.test.automation.uiAutomation.homePage.TC_003_VerifyLoginWithDifferentRecords@2d45ba]" name="testLogin" duration-ms="23239" started-at="2018-03-07T13:04:22Z" data-provider="loginData" finished-at="2018-03-07T13:04:46Z">
          <params>
            <param index="0">
              <value>
                <![CDATA[automate@test.com]]>
              </value>
            </param>
            <param index="1">
              <value>
                <![CDATA[password]]>
              </value>
            </param>
            <param index="2">
              <value>
                <![CDATA[y]]>
              </value>
            </param>
          </params>
          <reporter-output>
          </reporter-output>
        </test-method> <!-- testLogin -->
        <test-method status="PASS" signature="endTest()[pri:0, instance:com.test.automation.uiAutomation.homePage.TC_003_VerifyLoginWithDifferentRecords@2d45ba]" name="endTest" is-config="true" duration-ms="7006" started-at="2018-03-07T13:04:46Z" finished-at="2018-03-07T13:04:53Z">
          <reporter-output>
          </reporter-output>
        </test-method> <!-- endTest -->
      </class> <!-- com.test.automation.uiAutomation.homePage.TC_003_VerifyLoginWithDifferentRecords -->
    </test> <!-- Default test -->
  </suite> <!-- Default suite -->
</testng-results>
