<?xml version="1.0" encoding="UTF-8"?>
<!-- Generated by org.testng.reporters.JUnitXMLReporter -->
<testsuite hostname="abc-PC" ignored="0" name="Default test" tests="7" failures="0" timestamp="07 Mar 2018 07:34:53 GMT" time="221.227" errors="0">
  <testcase name="testLogin" time="20.909" classname="com.test.automation.uiAutomation.homePage.TC_003_VerifyLoginWithDifferentRecords"/>
  <testcase name="testLogin" time="26.438" classname="com.test.automation.uiAutomation.homePage.TC_003_VerifyLoginWithDifferentRecords"/>
  <testcase name="testLogin" time="24.604" classname="com.test.automation.uiAutomation.homePage.TC_003_VerifyLoginWithDifferentRecords"/>
  <testcase name="testLogin" time="23.551" classname="com.test.automation.uiAutomation.homePage.TC_003_VerifyLoginWithDifferentRecords"/>
  <testcase name="testLogin" time="23.819" classname="com.test.automation.uiAutomation.homePage.TC_003_VerifyLoginWithDifferentRecords"/>
  <testcase name="testLogin" time="24.243" classname="com.test.automation.uiAutomation.homePage.TC_003_VerifyLoginWithDifferentRecords"/>
  <testcase name="testLogin" time="23.239" classname="com.test.automation.uiAutomation.homePage.TC_003_VerifyLoginWithDifferentRecords"/>
</testsuite> <!-- Default test -->
