<?xml version="1.0" encoding="UTF-8"?>
<!-- Generated by org.testng.reporters.JUnitXMLReporter -->
<testsuite hostname="abc-PC" ignored="0" name="Default test(failed)" tests="5" failures="0" timestamp="18 Mar 2018 07:29:09 GMT" time="236.965" errors="0">
  <testcase name="testLogin" time="34.013" classname="com.test.automation.uiAutomation.homePage.TC_003_VerifyLoginWithDifferentRecords"/>
  <testcase name="testLogin" time="35.226" classname="com.test.automation.uiAutomation.homePage.TC_003_VerifyLoginWithDifferentRecords"/>
  <testcase name="testLogin" time="29.166" classname="com.test.automation.uiAutomation.homePage.TC_003_VerifyLoginWithDifferentRecords"/>
  <testcase name="testLogin" time="25.954" classname="com.test.automation.uiAutomation.homePage.TC_003_VerifyLoginWithDifferentRecords"/>
  <testcase name="testLogin" time="22.603" classname="com.test.automation.uiAutomation.homePage.TC_003_VerifyLoginWithDifferentRecords"/>
</testsuite> <!-- Default test(failed) -->
